<?xml version="1.0" encoding="UTF-8"?>
<testsuites>
  <testsuite name="" tests="71" assertions="79" errors="0" warnings="0" failures="0" skipped="0" time="2.811364">
    <testsuite name="Project Test Suite" tests="71" assertions="79" errors="0" warnings="0" failures="0" skipped="0" time="2.811364">
      <testsuite name="App\Card\BankTest" file="/Users/sams./dbwebb-kurser/mvc/me/report/tests/Card/BankTest.php" tests="9" assertions="9" errors="0" warnings="0" failures="0" skipped="0" time="0.014589">
        <testcase name="testBank" class="App\Card\BankTest" classname="App.Card.BankTest" file="/Users/sams./dbwebb-kurser/mvc/me/report/tests/Card/BankTest.php" line="16" assertions="1" time="0.008184"/>
        <testcase name="testBankRound" class="App\Card\BankTest" classname="App.Card.BankTest" file="/Users/sams./dbwebb-kurser/mvc/me/report/tests/Card/BankTest.php" line="25" assertions="1" time="0.002161"/>
        <testcase name="testRoundPoints" class="App\Card\BankTest" classname="App.Card.BankTest" file="/Users/sams./dbwebb-kurser/mvc/me/report/tests/Card/BankTest.php" line="40" assertions="1" time="0.000434"/>
        <testcase name="testBankStop" class="App\Card\BankTest" classname="App.Card.BankTest" file="/Users/sams./dbwebb-kurser/mvc/me/report/tests/Card/BankTest.php" line="57" assertions="1" time="0.000872"/>
        <testcase name="testBankBust" class="App\Card\BankTest" classname="App.Card.BankTest" file="/Users/sams./dbwebb-kurser/mvc/me/report/tests/Card/BankTest.php" line="76" assertions="1" time="0.000751"/>
        <testcase name="testBankShouldStop" class="App\Card\BankTest" classname="App.Card.BankTest" file="/Users/sams./dbwebb-kurser/mvc/me/report/tests/Card/BankTest.php" line="94" assertions="1" time="0.000512"/>
        <testcase name="testBankStatusBust" class="App\Card\BankTest" classname="App.Card.BankTest" file="/Users/sams./dbwebb-kurser/mvc/me/report/tests/Card/BankTest.php" line="112" assertions="1" time="0.000932"/>
        <testcase name="testBankStatusShouldStop" class="App\Card\BankTest" classname="App.Card.BankTest" file="/Users/sams./dbwebb-kurser/mvc/me/report/tests/Card/BankTest.php" line="130" assertions="1" time="0.000375"/>
        <testcase name="testBankStatusGameStillGoing" class="App\Card\BankTest" classname="App.Card.BankTest" file="/Users/sams./dbwebb-kurser/mvc/me/report/tests/Card/BankTest.php" line="148" assertions="1" time="0.000368"/>
      </testsuite>
      <testsuite name="App\Card\CardGraphicTest" file="/Users/sams./dbwebb-kurser/mvc/me/report/tests/Card/CardGraphicTest.php" tests="7" assertions="7" errors="0" warnings="0" failures="0" skipped="0" time="0.004743">
        <testcase name="testCreateCardGraphic" class="App\Card\CardGraphicTest" classname="App.Card.CardGraphicTest" file="/Users/sams./dbwebb-kurser/mvc/me/report/tests/Card/CardGraphicTest.php" line="16" assertions="1" time="0.001588"/>
        <testcase name="testCardsCountDiamonds" class="App\Card\CardGraphicTest" classname="App.Card.CardGraphicTest" file="/Users/sams./dbwebb-kurser/mvc/me/report/tests/Card/CardGraphicTest.php" line="25" assertions="1" time="0.001108"/>
        <testcase name="testCardsCountHearts" class="App\Card\CardGraphicTest" classname="App.Card.CardGraphicTest" file="/Users/sams./dbwebb-kurser/mvc/me/report/tests/Card/CardGraphicTest.php" line="36" assertions="1" time="0.000379"/>
        <testcase name="testCardsCountClubs" class="App\Card\CardGraphicTest" classname="App.Card.CardGraphicTest" file="/Users/sams./dbwebb-kurser/mvc/me/report/tests/Card/CardGraphicTest.php" line="47" assertions="1" time="0.000380"/>
        <testcase name="testCardsCountSpades" class="App\Card\CardGraphicTest" classname="App.Card.CardGraphicTest" file="/Users/sams./dbwebb-kurser/mvc/me/report/tests/Card/CardGraphicTest.php" line="58" assertions="1" time="0.000497"/>
        <testcase name="testFormatCardsDiamonds" class="App\Card\CardGraphicTest" classname="App.Card.CardGraphicTest" file="/Users/sams./dbwebb-kurser/mvc/me/report/tests/Card/CardGraphicTest.php" line="69" assertions="1" time="0.000448"/>
        <testcase name="testFormatCardReturnsSymbol" class="App\Card\CardGraphicTest" classname="App.Card.CardGraphicTest" file="/Users/sams./dbwebb-kurser/mvc/me/report/tests/Card/CardGraphicTest.php" line="82" assertions="1" time="0.000342"/>
      </testsuite>
      <testsuite name="App\Card\CardHandTest" file="/Users/sams./dbwebb-kurser/mvc/me/report/tests/Card/CardHandTest.php" tests="4" assertions="4" errors="0" warnings="0" failures="0" skipped="0" time="0.003265">
        <testcase name="testCardHandCards" class="App\Card\CardHandTest" classname="App.Card.CardHandTest" file="/Users/sams./dbwebb-kurser/mvc/me/report/tests/Card/CardHandTest.php" line="16" assertions="1" time="0.000325"/>
        <testcase name="testAddCardToCardHand" class="App\Card\CardHandTest" classname="App.Card.CardHandTest" file="/Users/sams./dbwebb-kurser/mvc/me/report/tests/Card/CardHandTest.php" line="25" assertions="1" time="0.000349"/>
        <testcase name="testGetCardHandPoints" class="App\Card\CardHandTest" classname="App.Card.CardHandTest" file="/Users/sams./dbwebb-kurser/mvc/me/report/tests/Card/CardHandTest.php" line="38" assertions="1" time="0.000468"/>
        <testcase name="testGetCardAsString" class="App\Card\CardHandTest" classname="App.Card.CardHandTest" file="/Users/sams./dbwebb-kurser/mvc/me/report/tests/Card/CardHandTest.php" line="51" assertions="1" time="0.002123"/>
      </testsuite>
      <testsuite name="App\Card\CardTest" file="/Users/sams./dbwebb-kurser/mvc/me/report/tests/Card/CardTest.php" tests="8" assertions="8" errors="0" warnings="0" failures="0" skipped="0" time="0.002714">
        <testcase name="testCreateCard" class="App\Card\CardTest" classname="App.Card.CardTest" file="/Users/sams./dbwebb-kurser/mvc/me/report/tests/Card/CardTest.php" line="15" assertions="1" time="0.000345"/>
        <testcase name="testCardJson" class="App\Card\CardTest" classname="App.Card.CardTest" file="/Users/sams./dbwebb-kurser/mvc/me/report/tests/Card/CardTest.php" line="24" assertions="1" time="0.000334"/>
        <testcase name="testCardSuit" class="App\Card\CardTest" classname="App.Card.CardTest" file="/Users/sams./dbwebb-kurser/mvc/me/report/tests/Card/CardTest.php" line="35" assertions="1" time="0.000383"/>
        <testcase name="testCardRank" class="App\Card\CardTest" classname="App.Card.CardTest" file="/Users/sams./dbwebb-kurser/mvc/me/report/tests/Card/CardTest.php" line="46" assertions="1" time="0.000315"/>
        <testcase name="testCardColorRed" class="App\Card\CardTest" classname="App.Card.CardTest" file="/Users/sams./dbwebb-kurser/mvc/me/report/tests/Card/CardTest.php" line="57" assertions="1" time="0.000315"/>
        <testcase name="testCardColorBlack" class="App\Card\CardTest" classname="App.Card.CardTest" file="/Users/sams./dbwebb-kurser/mvc/me/report/tests/Card/CardTest.php" line="68" assertions="1" time="0.000323"/>
        <testcase name="testCardValueReturnsCorrectValue" class="App\Card\CardTest" classname="App.Card.CardTest" file="/Users/sams./dbwebb-kurser/mvc/me/report/tests/Card/CardTest.php" line="79" assertions="1" time="0.000352"/>
        <testcase name="testCardValueReturnsZero" class="App\Card\CardTest" classname="App.Card.CardTest" file="/Users/sams./dbwebb-kurser/mvc/me/report/tests/Card/CardTest.php" line="88" assertions="1" time="0.000348"/>
      </testsuite>
      <testsuite name="App\Card\DeckOfCardsTest" file="/Users/sams./dbwebb-kurser/mvc/me/report/tests/Card/DeckOfCardsTest.php" tests="8" assertions="13" errors="0" warnings="0" failures="0" skipped="0" time="0.007116">
        <testcase name="testCreateDeckOfCards" class="App\Card\DeckOfCardsTest" classname="App.Card.DeckOfCardsTest" file="/Users/sams./dbwebb-kurser/mvc/me/report/tests/Card/DeckOfCardsTest.php" line="16" assertions="1" time="0.001589"/>
        <testcase name="testCreateDeckReturns52Cards" class="App\Card\DeckOfCardsTest" classname="App.Card.DeckOfCardsTest" file="/Users/sams./dbwebb-kurser/mvc/me/report/tests/Card/DeckOfCardsTest.php" line="25" assertions="1" time="0.000516"/>
        <testcase name="testShuffleDeck" class="App\Card\DeckOfCardsTest" classname="App.Card.DeckOfCardsTest" file="/Users/sams./dbwebb-kurser/mvc/me/report/tests/Card/DeckOfCardsTest.php" line="35" assertions="2" time="0.001096"/>
        <testcase name="testDrawCardReducesDeck" class="App\Card\DeckOfCardsTest" classname="App.Card.DeckOfCardsTest" file="/Users/sams./dbwebb-kurser/mvc/me/report/tests/Card/DeckOfCardsTest.php" line="48" assertions="2" time="0.000499"/>
        <testcase name="testDrawCardsReducesDeckCorrectly" class="App\Card\DeckOfCardsTest" classname="App.Card.DeckOfCardsTest" file="/Users/sams./dbwebb-kurser/mvc/me/report/tests/Card/DeckOfCardsTest.php" line="62" assertions="2" time="0.000547"/>
        <testcase name="testDeckAsJson" class="App\Card\DeckOfCardsTest" classname="App.Card.DeckOfCardsTest" file="/Users/sams./dbwebb-kurser/mvc/me/report/tests/Card/DeckOfCardsTest.php" line="75" assertions="3" time="0.001579"/>
        <testcase name="testGetCardAsString" class="App\Card\DeckOfCardsTest" classname="App.Card.DeckOfCardsTest" file="/Users/sams./dbwebb-kurser/mvc/me/report/tests/Card/DeckOfCardsTest.php" line="90" assertions="1" time="0.000522"/>
        <testcase name="testGetAsString" class="App\Card\DeckOfCardsTest" classname="App.Card.DeckOfCardsTest" file="/Users/sams./dbwebb-kurser/mvc/me/report/tests/Card/DeckOfCardsTest.php" line="104" assertions="1" time="0.000766"/>
      </testsuite>
      <testsuite name="App\Tests\Controller\InitCardGameControllerTest" file="/Users/sams./dbwebb-kurser/mvc/me/report/tests/Card/InitCardGameControllerTest.php" tests="1" assertions="1" errors="0" warnings="0" failures="0" skipped="0" time="0.022906">
        <testcase name="testPreparePlayerData" class="App\Tests\Controller\InitCardGameControllerTest" classname="App.Tests.Controller.InitCardGameControllerTest" file="/Users/sams./dbwebb-kurser/mvc/me/report/tests/Card/InitCardGameControllerTest.php" line="18" assertions="1" time="0.022906"/>
      </testsuite>
      <testsuite name="App\Card\PlayerTest" file="/Users/sams./dbwebb-kurser/mvc/me/report/tests/Card/PlayerTest.php" tests="7" assertions="7" errors="0" warnings="0" failures="0" skipped="0" time="0.002715">
        <testcase name="testPlayer" class="App\Card\PlayerTest" classname="App.Card.PlayerTest" file="/Users/sams./dbwebb-kurser/mvc/me/report/tests/Card/PlayerTest.php" line="16" assertions="1" time="0.000367"/>
        <testcase name="testPlayerRound" class="App\Card\PlayerTest" classname="App.Card.PlayerTest" file="/Users/sams./dbwebb-kurser/mvc/me/report/tests/Card/PlayerTest.php" line="25" assertions="1" time="0.000379"/>
        <testcase name="testRoundPoints" class="App\Card\PlayerTest" classname="App.Card.PlayerTest" file="/Users/sams./dbwebb-kurser/mvc/me/report/tests/Card/PlayerTest.php" line="40" assertions="1" time="0.000382"/>
        <testcase name="testPlayerStop" class="App\Card\PlayerTest" classname="App.Card.PlayerTest" file="/Users/sams./dbwebb-kurser/mvc/me/report/tests/Card/PlayerTest.php" line="57" assertions="1" time="0.000363"/>
        <testcase name="testPlayerBust" class="App\Card\PlayerTest" classname="App.Card.PlayerTest" file="/Users/sams./dbwebb-kurser/mvc/me/report/tests/Card/PlayerTest.php" line="76" assertions="1" time="0.000472"/>
        <testcase name="testPlayerStatusBust" class="App\Card\PlayerTest" classname="App.Card.PlayerTest" file="/Users/sams./dbwebb-kurser/mvc/me/report/tests/Card/PlayerTest.php" line="95" assertions="1" time="0.000381"/>
        <testcase name="testPlayerStatusGameStillGoing" class="App\Card\PlayerTest" classname="App.Card.PlayerTest" file="/Users/sams./dbwebb-kurser/mvc/me/report/tests/Card/PlayerTest.php" line="114" assertions="1" time="0.000369"/>
      </testsuite>
      <testsuite name="App\Card\StatusTest" file="/Users/sams./dbwebb-kurser/mvc/me/report/tests/Card/StatusTest.php" tests="5" assertions="5" errors="0" warnings="0" failures="0" skipped="0" time="0.002890">
        <testcase name="testStatus" class="App\Card\StatusTest" classname="App.Card.StatusTest" file="/Users/sams./dbwebb-kurser/mvc/me/report/tests/Card/StatusTest.php" line="16" assertions="1" time="0.001161"/>
        <testcase name="testPlayerWinsWithMorePoints" class="App\Card\StatusTest" classname="App.Card.StatusTest" file="/Users/sams./dbwebb-kurser/mvc/me/report/tests/Card/StatusTest.php" line="27" assertions="1" time="0.000488"/>
        <testcase name="testBankWinsWithMorePoints" class="App\Card\StatusTest" classname="App.Card.StatusTest" file="/Users/sams./dbwebb-kurser/mvc/me/report/tests/Card/StatusTest.php" line="50" assertions="1" time="0.000429"/>
        <testcase name="testPlayerWinsWhenBankIsBust" class="App\Card\StatusTest" classname="App.Card.StatusTest" file="/Users/sams./dbwebb-kurser/mvc/me/report/tests/Card/StatusTest.php" line="73" assertions="1" time="0.000405"/>
        <testcase name="testPlayerWinsByPoints21" class="App\Card\StatusTest" classname="App.Card.StatusTest" file="/Users/sams./dbwebb-kurser/mvc/me/report/tests/Card/StatusTest.php" line="96" assertions="1" time="0.000407"/>
      </testsuite>
      <testsuite name="App\Dice\DiceTest" file="/Users/sams./dbwebb-kurser/mvc/me/report/tests/Dice/DiceTest.php" tests="2" assertions="5" errors="0" warnings="0" failures="0" skipped="0" time="0.001497">
        <testcase name="testCreateDice" class="App\Dice\DiceTest" classname="App.Dice.DiceTest" file="/Users/sams./dbwebb-kurser/mvc/me/report/tests/Dice/DiceTest.php" line="16" assertions="2" time="0.001111"/>
        <testcase name="testRollDice" class="App\Dice\DiceTest" classname="App.Dice.DiceTest" file="/Users/sams./dbwebb-kurser/mvc/me/report/tests/Dice/DiceTest.php" line="28" assertions="3" time="0.000386"/>
      </testsuite>
      <testsuite name="App\Tests\Project\EnergyIntensityPerGDPTest" file="/Users/sams./dbwebb-kurser/mvc/me/report/tests/Project/EnergyIntensityPerGDPTest.php" tests="2" assertions="2" errors="0" warnings="0" failures="0" skipped="0" time="0.001393">
        <testcase name="testSetAndGetYear" class="App\Tests\Project\EnergyIntensityPerGDPTest" classname="App.Tests.Project.EnergyIntensityPerGDPTest" file="/Users/sams./dbwebb-kurser/mvc/me/report/tests/Project/EnergyIntensityPerGDPTest.php" line="10" assertions="1" time="0.001011"/>
        <testcase name="testSetAndGetIntensityChange" class="App\Tests\Project\EnergyIntensityPerGDPTest" classname="App.Tests.Project.EnergyIntensityPerGDPTest" file="/Users/sams./dbwebb-kurser/mvc/me/report/tests/Project/EnergyIntensityPerGDPTest.php" line="17" assertions="1" time="0.000382"/>
      </testsuite>
      <testsuite name="App\Tests\Project\EnergyIntensityRepositoryTest" file="/Users/sams./dbwebb-kurser/mvc/me/report/tests/Project/EnergyIntensityRepositoryTest.php" tests="1" assertions="1" errors="0" warnings="0" failures="0" skipped="0" time="2.726684">
        <testcase name="testFindAllResults" class="App\Tests\Project\EnergyIntensityRepositoryTest" classname="App.Tests.Project.EnergyIntensityRepositoryTest" file="/Users/sams./dbwebb-kurser/mvc/me/report/tests/Project/EnergyIntensityRepositoryTest.php" line="10" assertions="1" time="2.726684"/>
      </testsuite>
      <testsuite name="App\Tests\Project\RenewableEnergyShareRepositoryTest" file="/Users/sams./dbwebb-kurser/mvc/me/report/tests/Project/RenewableEnergyShareRepositoryTest.php" tests="1" assertions="1" errors="0" warnings="0" failures="0" skipped="0" time="0.007763">
        <testcase name="testFindAllResults" class="App\Tests\Project\RenewableEnergyShareRepositoryTest" classname="App.Tests.Project.RenewableEnergyShareRepositoryTest" file="/Users/sams./dbwebb-kurser/mvc/me/report/tests/Project/RenewableEnergyShareRepositoryTest.php" line="10" assertions="1" time="0.007763"/>
      </testsuite>
      <testsuite name="App\Tests\Project\RenewableEnergyShareTest" file="/Users/sams./dbwebb-kurser/mvc/me/report/tests/Project/RenewableEnergyShareTest.php" tests="5" assertions="5" errors="0" warnings="0" failures="0" skipped="0" time="0.001903">
        <testcase name="testSetAndGetYear" class="App\Tests\Project\RenewableEnergyShareTest" classname="App.Tests.Project.RenewableEnergyShareTest" file="/Users/sams./dbwebb-kurser/mvc/me/report/tests/Project/RenewableEnergyShareTest.php" line="10" assertions="1" time="0.000410"/>
        <testcase name="testSetAndGetTotal" class="App\Tests\Project\RenewableEnergyShareTest" classname="App.Tests.Project.RenewableEnergyShareTest" file="/Users/sams./dbwebb-kurser/mvc/me/report/tests/Project/RenewableEnergyShareTest.php" line="17" assertions="1" time="0.000356"/>
        <testcase name="testSetAndGetIndustryValues" class="App\Tests\Project\RenewableEnergyShareTest" classname="App.Tests.Project.RenewableEnergyShareTest" file="/Users/sams./dbwebb-kurser/mvc/me/report/tests/Project/RenewableEnergyShareTest.php" line="24" assertions="1" time="0.000337"/>
        <testcase name="testSetAndGetElectricity" class="App\Tests\Project\RenewableEnergyShareTest" classname="App.Tests.Project.RenewableEnergyShareTest" file="/Users/sams./dbwebb-kurser/mvc/me/report/tests/Project/RenewableEnergyShareTest.php" line="31" assertions="1" time="0.000328"/>
        <testcase name="testSetAndGetTransport" class="App\Tests\Project\RenewableEnergyShareTest" classname="App.Tests.Project.RenewableEnergyShareTest" file="/Users/sams./dbwebb-kurser/mvc/me/report/tests/Project/RenewableEnergyShareTest.php" line="38" assertions="1" time="0.000471"/>
      </testsuite>
      <testsuite name="App\Tests\Project\RenewableEnergyTWhRepositoryTest" file="/Users/sams./dbwebb-kurser/mvc/me/report/tests/Project/RenewableEnergyTWhRepositoryTest.php" tests="1" assertions="1" errors="0" warnings="0" failures="0" skipped="0" time="0.007609">
        <testcase name="testFindAllResults" class="App\Tests\Project\RenewableEnergyTWhRepositoryTest" classname="App.Tests.Project.RenewableEnergyTWhRepositoryTest" file="/Users/sams./dbwebb-kurser/mvc/me/report/tests/Project/RenewableEnergyTWhRepositoryTest.php" line="11" assertions="1" time="0.007609"/>
      </testsuite>
      <testsuite name="App\Tests\Project\RenewableEnergyTWhTest" file="/Users/sams./dbwebb-kurser/mvc/me/report/tests/Project/RenewableEnergyTWhTest.php" tests="10" assertions="10" errors="0" warnings="0" failures="0" skipped="0" time="0.003576">
        <testcase name="testSetAndGetYear" class="App\Tests\Project\RenewableEnergyTWhTest" classname="App.Tests.Project.RenewableEnergyTWhTest" file="/Users/sams./dbwebb-kurser/mvc/me/report/tests/Project/RenewableEnergyTWhTest.php" line="10" assertions="1" time="0.000387"/>
        <testcase name="testSetAndGetBiofuels" class="App\Tests\Project\RenewableEnergyTWhTest" classname="App.Tests.Project.RenewableEnergyTWhTest" file="/Users/sams./dbwebb-kurser/mvc/me/report/tests/Project/RenewableEnergyTWhTest.php" line="17" assertions="1" time="0.000339"/>
        <testcase name="testSetAndGetHydropower" class="App\Tests\Project\RenewableEnergyTWhTest" classname="App.Tests.Project.RenewableEnergyTWhTest" file="/Users/sams./dbwebb-kurser/mvc/me/report/tests/Project/RenewableEnergyTWhTest.php" line="24" assertions="1" time="0.000330"/>
        <testcase name="testSetAndGetWindPower" class="App\Tests\Project\RenewableEnergyTWhTest" classname="App.Tests.Project.RenewableEnergyTWhTest" file="/Users/sams./dbwebb-kurser/mvc/me/report/tests/Project/RenewableEnergyTWhTest.php" line="31" assertions="1" time="0.000389"/>
        <testcase name="testSetAndGetHeatPumps" class="App\Tests\Project\RenewableEnergyTWhTest" classname="App.Tests.Project.RenewableEnergyTWhTest" file="/Users/sams./dbwebb-kurser/mvc/me/report/tests/Project/RenewableEnergyTWhTest.php" line="38" assertions="1" time="0.000510"/>
        <testcase name="testSetAndGetSolarEnergy" class="App\Tests\Project\RenewableEnergyTWhTest" classname="App.Tests.Project.RenewableEnergyTWhTest" file="/Users/sams./dbwebb-kurser/mvc/me/report/tests/Project/RenewableEnergyTWhTest.php" line="45" assertions="1" time="0.000331"/>
        <testcase name="testSetAndGetTotal" class="App\Tests\Project\RenewableEnergyTWhTest" classname="App.Tests.Project.RenewableEnergyTWhTest" file="/Users/sams./dbwebb-kurser/mvc/me/report/tests/Project/RenewableEnergyTWhTest.php" line="52" assertions="1" time="0.000329"/>
        <testcase name="testSetAndGetStatisticalTransfer" class="App\Tests\Project\RenewableEnergyTWhTest" classname="App.Tests.Project.RenewableEnergyTWhTest" file="/Users/sams./dbwebb-kurser/mvc/me/report/tests/Project/RenewableEnergyTWhTest.php" line="59" assertions="1" time="0.000324"/>
        <testcase name="testSetAndGetTargetCalculation" class="App\Tests\Project\RenewableEnergyTWhTest" classname="App.Tests.Project.RenewableEnergyTWhTest" file="/Users/sams./dbwebb-kurser/mvc/me/report/tests/Project/RenewableEnergyTWhTest.php" line="66" assertions="1" time="0.000318"/>
        <testcase name="testSetAndGetTotalEnergyUse" class="App\Tests\Project\RenewableEnergyTWhTest" classname="App.Tests.Project.RenewableEnergyTWhTest" file="/Users/sams./dbwebb-kurser/mvc/me/report/tests/Project/RenewableEnergyTWhTest.php" line="73" assertions="1" time="0.000319"/>
      </testsuite>
    </testsuite>
  </testsuite>
</testsuites>
